Information: Propagating switching activity (low effort zero delay simulation). (PWR-6)
Warning: Design has unannotated primary inputs. (PWR-414)
Warning: Design has unannotated sequential cell outputs. (PWR-415)
 
****************************************
Report : power
        -analysis_effort low
Design : EncDecSys
Version: M-2016.12-SP5
Date   : Mon Nov 27 22:04:10 2017
****************************************


Library(s) Used:

    c35_CORELIB_WC (File: /opt/cad/designkits/ams/v410/synopsys/c35_3.3V/c35_CORELIB_WC.db)


Operating Conditions: WORST-MIL   Library: c35_CORELIB_WC
Wire Load Model Mode: enclosed

Design        Wire Load Model            Library
------------------------------------------------
EncDecSys              10k               c35_CORELIB_WC


Global Operating Voltage = 3    
Power-specific unit information :
    Voltage Units = 1V
    Capacitance Units = 1.000000pf
    Time Units = 1ns
    Dynamic Power Units = 1mW    (derived from V,C,T units)
    Leakage Power Units = 1pW


  Cell Internal Power  =   3.6344 mW   (86%)
  Net Switching Power  = 608.7886 uW   (14%)
                         ---------
Total Dynamic Power    =   4.2432 mW  (100%)

Cell Leakage Power     =   1.8950 uW


                 Internal         Switching           Leakage            Total
Power Group      Power            Power               Power              Power   (   %    )  Attrs
--------------------------------------------------------------------------------------------------
io_pad             0.0000            0.0000            0.0000            0.0000  (   0.00%)
memory             0.0000            0.0000            0.0000            0.0000  (   0.00%)
black_box          0.0000            0.0000            0.0000            0.0000  (   0.00%)
clock_network      0.0000            0.0000            0.0000            0.0000  (   0.00%)
register           3.3362            0.2653        1.1233e+06            3.6026  (  84.86%)
sequential         0.0000            0.0000            0.0000            0.0000  (   0.00%)
combinational      0.2982            0.3435        7.7167e+05            0.6425  (  15.14%)
--------------------------------------------------------------------------------------------------
Total              3.6344 mW         0.6088 mW     1.8950e+06 pW         4.2451 mW
1
