 
****************************************
Report : area
Design : EncDecSys
Version: M-2016.12-SP5
Date   : Mon Nov 27 22:04:10 2017
****************************************

Library(s) Used:

    c35_CORELIB_WC (File: /opt/cad/designkits/ams/v410/synopsys/c35_3.3V/c35_CORELIB_WC.db)

Number of ports:                           47
Number of nets:                           743
Number of cells:                          628
Number of combinational cells:            454
Number of sequential cells:               174
Number of macros/black boxes:               0
Number of buf/inv:                         89
Number of references:                      24

Combinational area:              32832.800461
Buf/Inv area:                     3348.800125
Noncombinational area:           60078.197998
Macro/Black Box area:                0.000000
Net Interconnect area:           17982.000000

Total cell area:                 92910.998459
Total area:                     110892.998459
1
