 
****************************************
Report : area
Design : Encryptor
Version: M-2016.12-SP5
Date   : Mon Nov 27 16:48:53 2017
****************************************

Library(s) Used:

    c35_CORELIB_WC (File: /opt/cad/designkits/ams/v410/synopsys/c35_3.3V/c35_CORELIB_WC.db)

Number of ports:                           74
Number of nets:                           354
Number of cells:                          274
Number of combinational cells:            161
Number of sequential cells:               113
Number of macros/black boxes:               0
Number of buf/inv:                         26
Number of references:                      21

Combinational area:              12230.400070
Buf/Inv area:                     1092.000015
Noncombinational area:           38966.198639
Macro/Black Box area:                0.000000
Net Interconnect area:            8658.000000

Total cell area:                 51196.598709
Total area:                      59854.598709
1
